<?xml version="1.0" encoding="UTF-8"?>
<testng-results skipped="0" failed="0" total="1" passed="1">
  <reporter-output>
  </reporter-output>
  <suite name="TestSuite" duration-ms="30745" started-at="2021-05-06T13:57:32Z" finished-at="2021-05-06T13:58:03Z">
    <groups>
    </groups>
    <test name="Test" duration-ms="30745" started-at="2021-05-06T13:57:32Z" finished-at="2021-05-06T13:58:03Z">
      <class name="pkg_orange_HRM.OrangeHRM_Login_Before_and_After">
        <test-method status="PASS" signature="launchBrowser()[pri:0, instance:pkg_orange_HRM.OrangeHRM_Login_Before_and_After@1cd072a9]" name="launchBrowser" is-config="true" duration-ms="3195" started-at="2021-05-06T19:27:32Z" finished-at="2021-05-06T19:27:35Z">
          <reporter-output>
          </reporter-output>
        </test-method> <!-- launchBrowser -->
        <test-method status="PASS" signature="login_Successful()[pri:0, instance:pkg_orange_HRM.OrangeHRM_Login_Before_and_After@1cd072a9]" name="login_Successful" duration-ms="26926" started-at="2021-05-06T19:27:35Z" finished-at="2021-05-06T19:28:02Z">
          <reporter-output>
          </reporter-output>
        </test-method> <!-- login_Successful -->
        <test-method status="PASS" signature="closeBrowser()[pri:0, instance:pkg_orange_HRM.OrangeHRM_Login_Before_and_After@1cd072a9]" name="closeBrowser" is-config="true" duration-ms="605" started-at="2021-05-06T19:28:02Z" finished-at="2021-05-06T19:28:03Z">
          <reporter-output>
          </reporter-output>
        </test-method> <!-- closeBrowser -->
      </class> <!-- pkg_orange_HRM.OrangeHRM_Login_Before_and_After -->
    </test> <!-- Test -->
  </suite> <!-- TestSuite -->
</testng-results>
